# JRE version: OpenJDK Runtime Environment (8.0_242-b01) (build 1.8.0_242-release-1644-b01)
# Java VM: OpenJDK 64-Bit Server VM (25.242-b01 mixed mode windows-amd64 compressed oops)
Heap:
 PSYoungGen      total 235008K, used 98029K [0x00000000eab00000, 0x00000000fd280000, 0x0000000100000000)
  eden space 165376K, 47% used [0x00000000eab00000,0x00000000ef7275b8,0x00000000f4c80000)
  from space 69632K, 28% used [0x00000000f8c80000,0x00000000fa013e50,0x00000000fd080000)
  to   space 65536K, 0% used [0x00000000f4c80000,0x00000000f4c80000,0x00000000f8c80000)
 ParOldGen       total 557568K, used 366971K [0x00000000c0000000, 0x00000000e2080000, 0x00000000eab00000)
  object space 557568K, 65% used [0x00000000c0000000,0x00000000d665ec08,0x00000000e2080000)
 Metaspace       used 194777K, capacity 205094K, committed 205296K, reserved 1228800K
  class space    used 24287K, capacity 26309K, committed 26408K, reserved 1048576K
GC Heap History (10 events):
Event: 1617.272 GC heap before
{Heap before GC invocations=59 (full 5):
 PSYoungGen      total 224768K, used 153157K [0x00000000eab00000, 0x00000000fdd00000, 0x0000000100000000)
  eden space 133632K, 100% used [0x00000000eab00000,0x00000000f2d80000,0x00000000f2d80000)
  from space 91136K, 21% used [0x00000000f2d80000,0x00000000f40914e0,0x00000000f8680000)
  to   space 86528K, 0% used [0x00000000f8880000,0x00000000f8880000,0x00000000fdd00000)
 ParOldGen       total 557568K, used 366947K [0x00000000c0000000, 0x00000000e2080000, 0x00000000eab00000)
  object space 557568K, 65% used [0x00000000c0000000,0x00000000d6658c08,0x00000000e2080000)
 Metaspace       used 193890K, capacity 204156K, committed 204272K, reserved 1226752K
  class space    used 24277K, capacity 26298K, committed 26408K, reserved 1048576K
Event: 1617.286 GC heap after
Heap after GC invocations=59 (full 5):
 PSYoungGen      total 220672K, used 27763K [0x00000000eab00000, 0x00000000fd480000, 0x0000000100000000)
  eden space 142848K, 0% used [0x00000000eab00000,0x00000000eab00000,0x00000000f3680000)
  from space 77824K, 35% used [0x00000000f8880000,0x00000000fa39cc40,0x00000000fd480000)
  to   space 80896K, 0% used [0x00000000f3680000,0x00000000f3680000,0x00000000f8580000)
 ParOldGen       total 557568K, used 366947K [0x00000000c0000000, 0x00000000e2080000, 0x00000000eab00000)
  object space 557568K, 65% used [0x00000000c0000000,0x00000000d6658c08,0x00000000e2080000)
 Metaspace       used 193890K, capacity 204156K, committed 204272K, reserved 1226752K
  class space    used 24277K, capacity 26298K, committed 26408K, reserved 1048576K
}
Event: 1617.637 GC heap before
{Heap before GC invocations=60 (full 5):
 PSYoungGen      total 220672K, used 170611K [0x00000000eab00000, 0x00000000fd480000, 0x0000000100000000)
  eden space 142848K, 100% used [0x00000000eab00000,0x00000000f3680000,0x00000000f3680000)
  from space 77824K, 35% used [0x00000000f8880000,0x00000000fa39cc40,0x00000000fd480000)
  to   space 80896K, 0% used [0x00000000f3680000,0x00000000f3680000,0x00000000f8580000)
 ParOldGen       total 557568K, used 366947K [0x00000000c0000000, 0x00000000e2080000, 0x00000000eab00000)
  object space 557568K, 65% used [0x00000000c0000000,0x00000000d6658c08,0x00000000e2080000)
 Metaspace       used 194114K, capacity 204448K, committed 204784K, reserved 1228800K
  class space    used 24284K, capacity 26306K, committed 26408K, reserved 1048576K
Event: 1617.651 GC heap after
Heap after GC invocations=60 (full 5):
 PSYoungGen      total 223744K, used 23462K [0x00000000eab00000, 0x00000000fd700000, 0x0000000100000000)
  eden space 142848K, 0% used [0x00000000eab00000,0x00000000eab00000,0x00000000f3680000)
  from space 80896K, 29% used [0x00000000f3680000,0x00000000f4d69bc0,0x00000000f8580000)
  to   space 76288K, 0% used [0x00000000f8c80000,0x00000000f8c80000,0x00000000fd700000)
 ParOldGen       total 557568K, used 366947K [0x00000000c0000000, 0x00000000e2080000, 0x00000000eab00000)
  object space 557568K, 65% used [0x00000000c0000000,0x00000000d6658c08,0x00000000e2080000)
 Metaspace       used 194114K, capacity 204448K, committed 204784K, reserved 1228800K
  class space    used 24284K, capacity 26306K, committed 26408K, reserved 1048576K
}
Event: 1617.968 GC heap before
{Heap before GC invocations=61 (full 5):
 PSYoungGen      total 223744K, used 166310K [0x00000000eab00000, 0x00000000fd700000, 0x0000000100000000)
  eden space 142848K, 100% used [0x00000000eab00000,0x00000000f3680000,0x00000000f3680000)
  from space 80896K, 29% used [0x00000000f3680000,0x00000000f4d69bc0,0x00000000f8580000)
  to   space 76288K, 0% used [0x00000000f8c80000,0x00000000f8c80000,0x00000000fd700000)
 ParOldGen       total 557568K, used 366947K [0x00000000c0000000, 0x00000000e2080000, 0x00000000eab00000)
  object space 557568K, 65% used [0x00000000c0000000,0x00000000d6658c08,0x00000000e2080000)
 Metaspace       used 194303K, capacity 204670K, committed 205040K, reserved 1228800K
  class space    used 24286K, capacity 26309K, committed 26408K, reserved 1048576K
Event: 1617.982 GC heap after
Heap after GC invocations=61 (full 5):
 PSYoungGen      total 225792K, used 22852K [0x00000000eab00000, 0x00000000fd080000, 0x0000000100000000)
  eden space 156160K, 0% used [0x00000000eab00000,0x00000000eab00000,0x00000000f4380000)
  from space 69632K, 32% used [0x00000000f8c80000,0x00000000fa2d1238,0x00000000fd080000)
  to   space 72192K, 0% used [0x00000000f4380000,0x00000000f4380000,0x00000000f8a00000)
 ParOldGen       total 557568K, used 366955K [0x00000000c0000000, 0x00000000e2080000, 0x00000000eab00000)
  object space 557568K, 65% used [0x00000000c0000000,0x00000000d665ac08,0x00000000e2080000)
 Metaspace       used 194303K, capacity 204670K, committed 205040K, reserved 1228800K
  class space    used 24286K, capacity 26309K, committed 26408K, reserved 1048576K
}
Event: 1618.249 GC heap before
{Heap before GC invocations=62 (full 5):
 PSYoungGen      total 225792K, used 179012K [0x00000000eab00000, 0x00000000fd080000, 0x0000000100000000)
  eden space 156160K, 100% used [0x00000000eab00000,0x00000000f4380000,0x00000000f4380000)
  from space 69632K, 32% used [0x00000000f8c80000,0x00000000fa2d1238,0x00000000fd080000)
  to   space 72192K, 0% used [0x00000000f4380000,0x00000000f4380000,0x00000000f8a00000)
 ParOldGen       total 557568K, used 366955K [0x00000000c0000000, 0x00000000e2080000, 0x00000000eab00000)
  object space 557568K, 65% used [0x00000000c0000000,0x00000000d665ac08,0x00000000e2080000)
 Metaspace       used 194611K, capacity 204950K, committed 205296K, reserved 1228800K
  class space    used 24286K, capacity 26309K, committed 26408K, reserved 1048576K
Event: 1618.260 GC heap after
Heap after GC invocations=62 (full 5):
 PSYoungGen      total 228352K, used 22712K [0x00000000eab00000, 0x00000000fd080000, 0x0000000100000000)
  eden space 156160K, 0% used [0x00000000eab00000,0x00000000eab00000,0x00000000f4380000)
  from space 72192K, 31% used [0x00000000f4380000,0x00000000f59ae048,0x00000000f8a00000)
  to   space 69632K, 0% used [0x00000000f8c80000,0x00000000f8c80000,0x00000000fd080000)
 ParOldGen       total 557568K, used 366963K [0x00000000c0000000, 0x00000000e2080000, 0x00000000eab00000)
  object space 557568K, 65% used [0x00000000c0000000,0x00000000d665cc08,0x00000000e2080000)
 Metaspace       used 194611K, capacity 204950K, committed 205296K, reserved 1228800K
  class space    used 24286K, capacity 26309K, committed 26408K, reserved 1048576K
}
Event: 1618.646 GC heap before
{Heap before GC invocations=63 (full 5):
 PSYoungGen      total 228352K, used 178872K [0x00000000eab00000, 0x00000000fd080000, 0x0000000100000000)
  eden space 156160K, 100% used [0x00000000eab00000,0x00000000f4380000,0x00000000f4380000)
  from space 72192K, 31% used [0x00000000f4380000,0x00000000f59ae048,0x00000000f8a00000)
  to   space 69632K, 0% used [0x00000000f8c80000,0x00000000f8c80000,0x00000000fd080000)
 ParOldGen       total 557568K, used 366963K [0x00000000c0000000, 0x00000000e2080000, 0x00000000eab00000)
  object space 557568K, 65% used [0x00000000c0000000,0x00000000d665cc08,0x00000000e2080000)
 Metaspace       used 194744K, capacity 205094K, committed 205296K, reserved 1228800K
  class space    used 24287K, capacity 26309K, committed 26408K, reserved 1048576K
Event: 1618.659 GC heap after
Heap after GC invocations=63 (full 5):
 PSYoungGen      total 235008K, used 20047K [0x00000000eab00000, 0x00000000fd280000, 0x0000000100000000)
  eden space 165376K, 0% used [0x00000000eab00000,0x00000000eab00000,0x00000000f4c80000)
  from space 69632K, 28% used [0x00000000f8c80000,0x00000000fa013e50,0x00000000fd080000)
  to   space 65536K, 0% used [0x00000000f4c80000,0x00000000f4c80000,0x00000000f8c80000)
 ParOldGen       total 557568K, used 366971K [0x00000000c0000000, 0x00000000e2080000, 0x00000000eab00000)
  object space 557568K, 65% used [0x00000000c0000000,0x00000000d665ec08,0x00000000e2080000)
 Metaspace       used 194744K, capacity 205094K, committed 205296K, reserved 1228800K
  class space    used 24287K, capacity 26309K, committed 26408K, reserved 1048576K
}

