# JRE version: OpenJDK Runtime Environment (8.0_242-b01) (build 1.8.0_242-release-1644-b01)
# Java VM: OpenJDK 64-Bit Server VM (25.242-b01 mixed mode windows-amd64 compressed oops)
Heap:
 PSYoungGen      total 101376K, used 74077K [0x000000076b380000, 0x0000000772100000, 0x00000007c0000000)
  eden space 90624K, 69% used [0x000000076b380000,0x000000076f15d9e0,0x0000000770c00000)
  from space 10752K, 99% used [0x0000000770c00000,0x0000000771679db8,0x0000000771680000)
  to   space 10752K, 0% used [0x0000000771680000,0x0000000771680000,0x0000000772100000)
 ParOldGen       total 197632K, used 29937K [0x00000006c1a00000, 0x00000006cdb00000, 0x000000076b380000)
  object space 197632K, 15% used [0x00000006c1a00000,0x00000006c373c478,0x00000006cdb00000)
 Metaspace       used 46679K, capacity 47594K, committed 47872K, reserved 1091584K
  class space    used 5780K, capacity 6022K, committed 6144K, reserved 1048576K
GC Heap History (10 events):
Event: 2.356 GC heap before
{Heap before GC invocations=3 (full 1):
 PSYoungGen      total 76288K, used 8966K [0x000000076b380000, 0x0000000774880000, 0x00000007c0000000)
  eden space 65536K, 0% used [0x000000076b380000,0x000000076b380000,0x000000076f380000)
  from space 10752K, 83% used [0x000000076fe00000,0x00000007706c1800,0x0000000770880000)
  to   space 10752K, 0% used [0x000000076f380000,0x000000076f380000,0x000000076fe00000)
 ParOldGen       total 175104K, used 4674K [0x00000006c1a00000, 0x00000006cc500000, 0x000000076b380000)
  object space 175104K, 2% used [0x00000006c1a00000,0x00000006c1e90b98,0x00000006cc500000)
 Metaspace       used 20699K, capacity 21130K, committed 21296K, reserved 1069056K
  class space    used 2456K, capacity 2601K, committed 2688K, reserved 1048576K
Event: 2.411 GC heap after
Heap after GC invocations=3 (full 1):
 PSYoungGen      total 76288K, used 0K [0x000000076b380000, 0x0000000774880000, 0x00000007c0000000)
  eden space 65536K, 0% used [0x000000076b380000,0x000000076b380000,0x000000076f380000)
  from space 10752K, 0% used [0x000000076fe00000,0x000000076fe00000,0x0000000770880000)
  to   space 10752K, 0% used [0x000000076f380000,0x000000076f380000,0x000000076fe00000)
 ParOldGen       total 117760K, used 8691K [0x00000006c1a00000, 0x00000006c8d00000, 0x000000076b380000)
  object space 117760K, 7% used [0x00000006c1a00000,0x00000006c227cfc0,0x00000006c8d00000)
 Metaspace       used 20699K, capacity 21130K, committed 21296K, reserved 1069056K
  class space    used 2456K, capacity 2601K, committed 2688K, reserved 1048576K
}
Event: 3.851 GC heap before
{Heap before GC invocations=4 (full 1):
 PSYoungGen      total 76288K, used 65536K [0x000000076b380000, 0x0000000774880000, 0x00000007c0000000)
  eden space 65536K, 100% used [0x000000076b380000,0x000000076f380000,0x000000076f380000)
  from space 10752K, 0% used [0x000000076fe00000,0x000000076fe00000,0x0000000770880000)
  to   space 10752K, 0% used [0x000000076f380000,0x000000076f380000,0x000000076fe00000)
 ParOldGen       total 117760K, used 8691K [0x00000006c1a00000, 0x00000006c8d00000, 0x000000076b380000)
  object space 117760K, 7% used [0x00000006c1a00000,0x00000006c227cfc0,0x00000006c8d00000)
 Metaspace       used 28679K, capacity 29276K, committed 29568K, reserved 1075200K
  class space    used 3515K, capacity 3676K, committed 3712K, reserved 1048576K
Event: 3.863 GC heap after
Heap after GC invocations=4 (full 1):
 PSYoungGen      total 76288K, used 10746K [0x000000076b380000, 0x0000000772100000, 0x00000007c0000000)
  eden space 65536K, 0% used [0x000000076b380000,0x000000076b380000,0x000000076f380000)
  from space 10752K, 99% used [0x000000076f380000,0x000000076fdfe920,0x000000076fe00000)
  to   space 10752K, 0% used [0x0000000771680000,0x0000000771680000,0x0000000772100000)
 ParOldGen       total 117760K, used 13865K [0x00000006c1a00000, 0x00000006c8d00000, 0x000000076b380000)
  object space 117760K, 11% used [0x00000006c1a00000,0x00000006c278a768,0x00000006c8d00000)
 Metaspace       used 28679K, capacity 29276K, committed 29568K, reserved 1075200K
  class space    used 3515K, capacity 3676K, committed 3712K, reserved 1048576K
}
Event: 4.849 GC heap before
{Heap before GC invocations=5 (full 1):
 PSYoungGen      total 76288K, used 46542K [0x000000076b380000, 0x0000000772100000, 0x00000007c0000000)
  eden space 65536K, 54% used [0x000000076b380000,0x000000076d674f48,0x000000076f380000)
  from space 10752K, 99% used [0x000000076f380000,0x000000076fdfe920,0x000000076fe00000)
  to   space 10752K, 0% used [0x0000000771680000,0x0000000771680000,0x0000000772100000)
 ParOldGen       total 117760K, used 13865K [0x00000006c1a00000, 0x00000006c8d00000, 0x000000076b380000)
  object space 117760K, 11% used [0x00000006c1a00000,0x00000006c278a768,0x00000006c8d00000)
 Metaspace       used 34811K, capacity 35400K, committed 35496K, reserved 1081344K
  class space    used 4437K, capacity 4577K, committed 4608K, reserved 1048576K
Event: 4.864 GC heap after
Heap after GC invocations=5 (full 1):
 PSYoungGen      total 101376K, used 10722K [0x000000076b380000, 0x0000000772100000, 0x00000007c0000000)
  eden space 90624K, 0% used [0x000000076b380000,0x000000076b380000,0x0000000770c00000)
  from space 10752K, 99% used [0x0000000771680000,0x00000007720f8918,0x0000000772100000)
  to   space 10752K, 0% used [0x0000000770c00000,0x0000000770c00000,0x0000000771680000)
 ParOldGen       total 117760K, used 19187K [0x00000006c1a00000, 0x00000006c8d00000, 0x000000076b380000)
  object space 117760K, 16% used [0x00000006c1a00000,0x00000006c2cbccc0,0x00000006c8d00000)
 Metaspace       used 34811K, capacity 35400K, committed 35496K, reserved 1081344K
  class space    used 4437K, capacity 4577K, committed 4608K, reserved 1048576K
}
Event: 4.864 GC heap before
{Heap before GC invocations=6 (full 2):
 PSYoungGen      total 101376K, used 10722K [0x000000076b380000, 0x0000000772100000, 0x00000007c0000000)
  eden space 90624K, 0% used [0x000000076b380000,0x000000076b380000,0x0000000770c00000)
  from space 10752K, 99% used [0x0000000771680000,0x00000007720f8918,0x0000000772100000)
  to   space 10752K, 0% used [0x0000000770c00000,0x0000000770c00000,0x0000000771680000)
 ParOldGen       total 117760K, used 19187K [0x00000006c1a00000, 0x00000006c8d00000, 0x000000076b380000)
  object space 117760K, 16% used [0x00000006c1a00000,0x00000006c2cbccc0,0x00000006c8d00000)
 Metaspace       used 34811K, capacity 35400K, committed 35496K, reserved 1081344K
  class space    used 4437K, capacity 4577K, committed 4608K, reserved 1048576K
Event: 4.928 GC heap after
Heap after GC invocations=6 (full 2):
 PSYoungGen      total 101376K, used 0K [0x000000076b380000, 0x0000000772100000, 0x00000007c0000000)
  eden space 90624K, 0% used [0x000000076b380000,0x000000076b380000,0x0000000770c00000)
  from space 10752K, 0% used [0x0000000771680000,0x0000000771680000,0x0000000772100000)
  to   space 10752K, 0% used [0x0000000770c00000,0x0000000770c00000,0x0000000771680000)
 ParOldGen       total 197632K, used 21414K [0x00000006c1a00000, 0x00000006cdb00000, 0x000000076b380000)
  object space 197632K, 10% used [0x00000006c1a00000,0x00000006c2ee9b18,0x00000006cdb00000)
 Metaspace       used 34811K, capacity 35400K, committed 35496K, reserved 1081344K
  class space    used 4437K, capacity 4577K, committed 4608K, reserved 1048576K
}
Event: 6.729 GC heap before
{Heap before GC invocations=7 (full 2):
 PSYoungGen      total 101376K, used 90624K [0x000000076b380000, 0x0000000772100000, 0x00000007c0000000)
  eden space 90624K, 100% used [0x000000076b380000,0x0000000770c00000,0x0000000770c00000)
  from space 10752K, 0% used [0x0000000771680000,0x0000000771680000,0x0000000772100000)
  to   space 10752K, 0% used [0x0000000770c00000,0x0000000770c00000,0x0000000771680000)
 ParOldGen       total 197632K, used 21414K [0x00000006c1a00000, 0x00000006cdb00000, 0x000000076b380000)
  object space 197632K, 10% used [0x00000006c1a00000,0x00000006c2ee9b18,0x00000006cdb00000)
 Metaspace       used 44048K, capacity 44790K, committed 44928K, reserved 1089536K
  class space    used 5533K, capacity 5742K, committed 5760K, reserved 1048576K
Event: 6.744 GC heap after
Heap after GC invocations=7 (full 2):
 PSYoungGen      total 101376K, used 10727K [0x000000076b380000, 0x0000000772100000, 0x00000007c0000000)
  eden space 90624K, 0% used [0x000000076b380000,0x000000076b380000,0x0000000770c00000)
  from space 10752K, 99% used [0x0000000770c00000,0x0000000771679db8,0x0000000771680000)
  to   space 10752K, 0% used [0x0000000771680000,0x0000000771680000,0x0000000772100000)
 ParOldGen       total 197632K, used 29937K [0x00000006c1a00000, 0x00000006cdb00000, 0x000000076b380000)
  object space 197632K, 15% used [0x00000006c1a00000,0x00000006c373c478,0x00000006cdb00000)
 Metaspace       used 44048K, capacity 44790K, committed 44928K, reserved 1089536K
  class space    used 5533K, capacity 5742K, committed 5760K, reserved 1048576K
}

