# JRE version: OpenJDK Runtime Environment (8.0_242-b01) (build 1.8.0_242-release-1644-b01)
# Java VM: OpenJDK 64-Bit Server VM (25.242-b01 mixed mode windows-amd64 compressed oops)
Heap:
 PSYoungGen      total 279552K, used 25107K [0x00000000eab00000, 0x00000000fee80000, 0x0000000100000000)
  eden space 237568K, 10% used [0x00000000eab00000,0x00000000ec384fa8,0x00000000f9300000)
  from space 41984K, 0% used [0x00000000f9300000,0x00000000f9300000,0x00000000fbc00000)
  to   space 28672K, 0% used [0x00000000fbc00000,0x00000000fbc00000,0x00000000fd800000)
 ParOldGen       total 207360K, used 68278K [0x00000000c0000000, 0x00000000cca80000, 0x00000000eab00000)
  object space 207360K, 32% used [0x00000000c0000000,0x00000000c42ad9f8,0x00000000cca80000)
 Metaspace       used 98851K, capacity 102508K, committed 103576K, reserved 1138688K
  class space    used 13119K, capacity 13852K, committed 13992K, reserved 1048576K
GC Heap History (10 events):
Event: 26.316 GC heap before
{Heap before GC invocations=13 (full 3):
 PSYoungGen      total 217600K, used 203776K [0x00000000eab00000, 0x00000000fa400000, 0x0000000100000000)
  eden space 203776K, 100% used [0x00000000eab00000,0x00000000f7200000,0x00000000f7200000)
  from space 13824K, 0% used [0x00000000f7200000,0x00000000f7200000,0x00000000f7f80000)
  to   space 20480K, 0% used [0x00000000f9000000,0x00000000f9000000,0x00000000fa400000)
 ParOldGen       total 207360K, used 39427K [0x00000000c0000000, 0x00000000cca80000, 0x00000000eab00000)
  object space 207360K, 19% used [0x00000000c0000000,0x00000000c2680ec0,0x00000000cca80000)
 Metaspace       used 65250K, capacity 68126K, committed 68376K, reserved 1107968K
  class space    used 8825K, capacity 9420K, committed 9512K, reserved 1048576K
Event: 26.340 GC heap after
Heap after GC invocations=13 (full 3):
 PSYoungGen      total 232960K, used 18173K [0x00000000eab00000, 0x00000000fc300000, 0x0000000100000000)
  eden space 212480K, 0% used [0x00000000eab00000,0x00000000eab00000,0x00000000f7a80000)
  from space 20480K, 88% used [0x00000000f9000000,0x00000000fa1bf570,0x00000000fa400000)
  to   space 22016K, 0% used [0x00000000f7a80000,0x00000000f7a80000,0x00000000f9000000)
 ParOldGen       total 207360K, used 39435K [0x00000000c0000000, 0x00000000cca80000, 0x00000000eab00000)
  object space 207360K, 19% used [0x00000000c0000000,0x00000000c2682ec0,0x00000000cca80000)
 Metaspace       used 65250K, capacity 68126K, committed 68376K, reserved 1107968K
  class space    used 8825K, capacity 9420K, committed 9512K, reserved 1048576K
}
Event: 29.589 GC heap before
{Heap before GC invocations=14 (full 3):
 PSYoungGen      total 232960K, used 230653K [0x00000000eab00000, 0x00000000fc300000, 0x0000000100000000)
  eden space 212480K, 100% used [0x00000000eab00000,0x00000000f7a80000,0x00000000f7a80000)
  from space 20480K, 88% used [0x00000000f9000000,0x00000000fa1bf570,0x00000000fa400000)
  to   space 22016K, 0% used [0x00000000f7a80000,0x00000000f7a80000,0x00000000f9000000)
 ParOldGen       total 207360K, used 39541K [0x00000000c0000000, 0x00000000cca80000, 0x00000000eab00000)
  object space 207360K, 19% used [0x00000000c0000000,0x00000000c269d590,0x00000000cca80000)
 Metaspace       used 72197K, capacity 75434K, committed 75544K, reserved 1114112K
  class space    used 9770K, capacity 10432K, committed 10536K, reserved 1048576K
Event: 29.616 GC heap after
Heap after GC invocations=14 (full 3):
 PSYoungGen      total 234496K, used 21994K [0x00000000eab00000, 0x00000000fd800000, 0x0000000100000000)
  eden space 212480K, 0% used [0x00000000eab00000,0x00000000eab00000,0x00000000f7a80000)
  from space 22016K, 99% used [0x00000000f7a80000,0x00000000f8ffa9f8,0x00000000f9000000)
  to   space 28672K, 0% used [0x00000000fbc00000,0x00000000fbc00000,0x00000000fd800000)
 ParOldGen       total 207360K, used 49021K [0x00000000c0000000, 0x00000000cca80000, 0x00000000eab00000)
  object space 207360K, 23% used [0x00000000c0000000,0x00000000c2fdf5d8,0x00000000cca80000)
 Metaspace       used 72197K, capacity 75434K, committed 75544K, reserved 1114112K
  class space    used 9770K, capacity 10432K, committed 10536K, reserved 1048576K
}
Event: 37.706 GC heap before
{Heap before GC invocations=15 (full 3):
 PSYoungGen      total 234496K, used 234474K [0x00000000eab00000, 0x00000000fd800000, 0x0000000100000000)
  eden space 212480K, 100% used [0x00000000eab00000,0x00000000f7a80000,0x00000000f7a80000)
  from space 22016K, 99% used [0x00000000f7a80000,0x00000000f8ffa9f8,0x00000000f9000000)
  to   space 28672K, 0% used [0x00000000fbc00000,0x00000000fbc00000,0x00000000fd800000)
 ParOldGen       total 207360K, used 49021K [0x00000000c0000000, 0x00000000cca80000, 0x00000000eab00000)
  object space 207360K, 23% used [0x00000000c0000000,0x00000000c2fdf5d8,0x00000000cca80000)
 Metaspace       used 93383K, capacity 97484K, committed 97944K, reserved 1134592K
  class space    used 12304K, capacity 13099K, committed 13224K, reserved 1048576K
Event: 37.748 GC heap after
Heap after GC invocations=15 (full 3):
 PSYoungGen      total 266240K, used 28651K [0x00000000eab00000, 0x00000000fee80000, 0x0000000100000000)
  eden space 237568K, 0% used [0x00000000eab00000,0x00000000eab00000,0x00000000f9300000)
  from space 28672K, 99% used [0x00000000fbc00000,0x00000000fd7faed0,0x00000000fd800000)
  to   space 41984K, 0% used [0x00000000f9300000,0x00000000f9300000,0x00000000fbc00000)
 ParOldGen       total 207360K, used 74901K [0x00000000c0000000, 0x00000000cca80000, 0x00000000eab00000)
  object space 207360K, 36% used [0x00000000c0000000,0x00000000c4925560,0x00000000cca80000)
 Metaspace       used 93383K, capacity 97484K, committed 97944K, reserved 1134592K
  class space    used 12304K, capacity 13099K, committed 13224K, reserved 1048576K
}
Event: 37.977 GC heap before
{Heap before GC invocations=16 (full 3):
 PSYoungGen      total 266240K, used 35633K [0x00000000eab00000, 0x00000000fee80000, 0x0000000100000000)
  eden space 237568K, 2% used [0x00000000eab00000,0x00000000eb1d16a8,0x00000000f9300000)
  from space 28672K, 99% used [0x00000000fbc00000,0x00000000fd7faed0,0x00000000fd800000)
  to   space 41984K, 0% used [0x00000000f9300000,0x00000000f9300000,0x00000000fbc00000)
 ParOldGen       total 207360K, used 74901K [0x00000000c0000000, 0x00000000cca80000, 0x00000000eab00000)
  object space 207360K, 36% used [0x00000000c0000000,0x00000000c4925560,0x00000000cca80000)
 Metaspace       used 94349K, capacity 98412K, committed 98600K, reserved 1134592K
  class space    used 12408K, capacity 13195K, committed 13224K, reserved 1048576K
Event: 38.029 GC heap after
Heap after GC invocations=16 (full 3):
 PSYoungGen      total 279552K, used 1861K [0x00000000eab00000, 0x00000000fee80000, 0x0000000100000000)
  eden space 237568K, 0% used [0x00000000eab00000,0x00000000eab00000,0x00000000f9300000)
  from space 41984K, 4% used [0x00000000f9300000,0x00000000f94d1418,0x00000000fbc00000)
  to   space 28672K, 0% used [0x00000000fbc00000,0x00000000fbc00000,0x00000000fd800000)
 ParOldGen       total 207360K, used 98437K [0x00000000c0000000, 0x00000000cca80000, 0x00000000eab00000)
  object space 207360K, 47% used [0x00000000c0000000,0x00000000c6021400,0x00000000cca80000)
 Metaspace       used 94349K, capacity 98412K, committed 98600K, reserved 1134592K
  class space    used 12408K, capacity 13195K, committed 13224K, reserved 1048576K
}
Event: 38.029 GC heap before
{Heap before GC invocations=17 (full 4):
 PSYoungGen      total 279552K, used 1861K [0x00000000eab00000, 0x00000000fee80000, 0x0000000100000000)
  eden space 237568K, 0% used [0x00000000eab00000,0x00000000eab00000,0x00000000f9300000)
  from space 41984K, 4% used [0x00000000f9300000,0x00000000f94d1418,0x00000000fbc00000)
  to   space 28672K, 0% used [0x00000000fbc00000,0x00000000fbc00000,0x00000000fd800000)
 ParOldGen       total 207360K, used 98437K [0x00000000c0000000, 0x00000000cca80000, 0x00000000eab00000)
  object space 207360K, 47% used [0x00000000c0000000,0x00000000c6021400,0x00000000cca80000)
 Metaspace       used 94349K, capacity 98412K, committed 98600K, reserved 1134592K
  class space    used 12408K, capacity 13195K, committed 13224K, reserved 1048576K
Event: 38.417 GC heap after
Heap after GC invocations=17 (full 4):
 PSYoungGen      total 279552K, used 0K [0x00000000eab00000, 0x00000000fee80000, 0x0000000100000000)
  eden space 237568K, 0% used [0x00000000eab00000,0x00000000eab00000,0x00000000f9300000)
  from space 41984K, 0% used [0x00000000f9300000,0x00000000f9300000,0x00000000fbc00000)
  to   space 28672K, 0% used [0x00000000fbc00000,0x00000000fbc00000,0x00000000fd800000)
 ParOldGen       total 207360K, used 68278K [0x00000000c0000000, 0x00000000cca80000, 0x00000000eab00000)
  object space 207360K, 32% used [0x00000000c0000000,0x00000000c42ad9f8,0x00000000cca80000)
 Metaspace       used 94125K, capacity 97750K, committed 98600K, reserved 1134592K
  class space    used 12337K, capacity 13068K, committed 13224K, reserved 1048576K
}

