# JRE version: OpenJDK Runtime Environment (8.0_242-b01) (build 1.8.0_242-release-1644-b01)
# Java VM: OpenJDK 64-Bit Server VM (25.242-b01 mixed mode windows-amd64 compressed oops)
Heap:
 PSYoungGen      total 309248K, used 290735K [0x00000000eab00000, 0x0000000100000000, 0x0000000100000000)
  eden space 276480K, 94% used [0x00000000eab00000,0x00000000fa9d4e48,0x00000000fb900000)
  from space 32768K, 90% used [0x00000000fb900000,0x00000000fd617118,0x00000000fd900000)
  to   space 36352K, 0% used [0x00000000fdc80000,0x00000000fdc80000,0x0000000100000000)
 ParOldGen       total 196096K, used 69867K [0x00000000c0000000, 0x00000000cbf80000, 0x00000000eab00000)
  object space 196096K, 35% used [0x00000000c0000000,0x00000000c443ae70,0x00000000cbf80000)
 Metaspace       used 88952K, capacity 95130K, committed 95384K, reserved 1132544K
  class space    used 12027K, capacity 13120K, committed 13224K, reserved 1048576K
GC Heap History (10 events):
Event: 23.603 GC heap before
{Heap before GC invocations=12 (full 3):
 PSYoungGen      total 236032K, used 14320K [0x00000000eab00000, 0x00000000fb980000, 0x0000000100000000)
  eden space 221696K, 0% used [0x00000000eab00000,0x00000000eab00000,0x00000000f8380000)
  from space 14336K, 99% used [0x00000000f8380000,0x00000000f917c040,0x00000000f9180000)
  to   space 21504K, 0% used [0x00000000fa480000,0x00000000fa480000,0x00000000fb980000)
 ParOldGen       total 123904K, used 32127K [0x00000000c0000000, 0x00000000c7900000, 0x00000000eab00000)
  object space 123904K, 25% used [0x00000000c0000000,0x00000000c1f5fc48,0x00000000c7900000)
 Metaspace       used 56909K, capacity 59070K, committed 59160K, reserved 1099776K
  class space    used 7731K, capacity 8208K, committed 8232K, reserved 1048576K
Event: 24.012 GC heap after
Heap after GC invocations=12 (full 3):
 PSYoungGen      total 236032K, used 0K [0x00000000eab00000, 0x00000000fb980000, 0x0000000100000000)
  eden space 221696K, 0% used [0x00000000eab00000,0x00000000eab00000,0x00000000f8380000)
  from space 14336K, 0% used [0x00000000f8380000,0x00000000f8380000,0x00000000f9180000)
  to   space 21504K, 0% used [0x00000000fa480000,0x00000000fa480000,0x00000000fb980000)
 ParOldGen       total 196096K, used 39806K [0x00000000c0000000, 0x00000000cbf80000, 0x00000000eab00000)
  object space 196096K, 20% used [0x00000000c0000000,0x00000000c26df860,0x00000000cbf80000)
 Metaspace       used 56876K, capacity 58956K, committed 59160K, reserved 1099776K
  class space    used 7721K, capacity 8189K, committed 8232K, reserved 1048576K
}
Event: 27.402 GC heap before
{Heap before GC invocations=13 (full 3):
 PSYoungGen      total 236032K, used 221696K [0x00000000eab00000, 0x00000000fb980000, 0x0000000100000000)
  eden space 221696K, 100% used [0x00000000eab00000,0x00000000f8380000,0x00000000f8380000)
  from space 14336K, 0% used [0x00000000f8380000,0x00000000f8380000,0x00000000f9180000)
  to   space 21504K, 0% used [0x00000000fa480000,0x00000000fa480000,0x00000000fb980000)
 ParOldGen       total 196096K, used 39806K [0x00000000c0000000, 0x00000000cbf80000, 0x00000000eab00000)
  object space 196096K, 20% used [0x00000000c0000000,0x00000000c26df860,0x00000000cbf80000)
 Metaspace       used 63092K, capacity 66420K, committed 66712K, reserved 1105920K
  class space    used 8666K, capacity 9331K, committed 9384K, reserved 1048576K
Event: 27.429 GC heap after
Heap after GC invocations=13 (full 3):
 PSYoungGen      total 253952K, used 18660K [0x00000000eab00000, 0x00000000fda80000, 0x0000000100000000)
  eden space 232448K, 0% used [0x00000000eab00000,0x00000000eab00000,0x00000000f8e00000)
  from space 21504K, 86% used [0x00000000fa480000,0x00000000fb6b9020,0x00000000fb980000)
  to   space 23040K, 0% used [0x00000000f8e00000,0x00000000f8e00000,0x00000000fa480000)
 ParOldGen       total 196096K, used 39814K [0x00000000c0000000, 0x00000000cbf80000, 0x00000000eab00000)
  object space 196096K, 20% used [0x00000000c0000000,0x00000000c26e1860,0x00000000cbf80000)
 Metaspace       used 63092K, capacity 66420K, committed 66712K, reserved 1105920K
  class space    used 8666K, capacity 9331K, committed 9384K, reserved 1048576K
}
Event: 31.044 GC heap before
{Heap before GC invocations=14 (full 3):
 PSYoungGen      total 253952K, used 251108K [0x00000000eab00000, 0x00000000fda80000, 0x0000000100000000)
  eden space 232448K, 100% used [0x00000000eab00000,0x00000000f8e00000,0x00000000f8e00000)
  from space 21504K, 86% used [0x00000000fa480000,0x00000000fb6b9020,0x00000000fb980000)
  to   space 23040K, 0% used [0x00000000f8e00000,0x00000000f8e00000,0x00000000fa480000)
 ParOldGen       total 196096K, used 39814K [0x00000000c0000000, 0x00000000cbf80000, 0x00000000eab00000)
  object space 196096K, 20% used [0x00000000c0000000,0x00000000c26e1860,0x00000000cbf80000)
 Metaspace       used 73118K, capacity 77386K, committed 77464K, reserved 1116160K
  class space    used 10120K, capacity 10912K, committed 10920K, reserved 1048576K
Event: 31.083 GC heap after
Heap after GC invocations=14 (full 3):
 PSYoungGen      total 255488K, used 23024K [0x00000000eab00000, 0x00000000ff900000, 0x0000000100000000)
  eden space 232448K, 0% used [0x00000000eab00000,0x00000000eab00000,0x00000000f8e00000)
  from space 23040K, 99% used [0x00000000f8e00000,0x00000000fa47c160,0x00000000fa480000)
  to   space 32768K, 0% used [0x00000000fd900000,0x00000000fd900000,0x00000000ff900000)
 ParOldGen       total 196096K, used 58435K [0x00000000c0000000, 0x00000000cbf80000, 0x00000000eab00000)
  object space 196096K, 29% used [0x00000000c0000000,0x00000000c3910d50,0x00000000cbf80000)
 Metaspace       used 73118K, capacity 77386K, committed 77464K, reserved 1116160K
  class space    used 10120K, capacity 10912K, committed 10920K, reserved 1048576K
}
Event: 34.513 GC heap before
{Heap before GC invocations=15 (full 3):
 PSYoungGen      total 255488K, used 255472K [0x00000000eab00000, 0x00000000ff900000, 0x0000000100000000)
  eden space 232448K, 100% used [0x00000000eab00000,0x00000000f8e00000,0x00000000f8e00000)
  from space 23040K, 99% used [0x00000000f8e00000,0x00000000fa47c160,0x00000000fa480000)
  to   space 32768K, 0% used [0x00000000fd900000,0x00000000fd900000,0x00000000ff900000)
 ParOldGen       total 196096K, used 58435K [0x00000000c0000000, 0x00000000cbf80000, 0x00000000eab00000)
  object space 196096K, 29% used [0x00000000c0000000,0x00000000c3910d50,0x00000000cbf80000)
 Metaspace       used 78796K, capacity 84162K, committed 84376K, reserved 1122304K
  class space    used 10919K, capacity 11896K, committed 11944K, reserved 1048576K
Event: 34.568 GC heap after
Heap after GC invocations=15 (full 3):
 PSYoungGen      total 309248K, used 19983K [0x00000000eab00000, 0x00000000ffb00000, 0x0000000100000000)
  eden space 276480K, 0% used [0x00000000eab00000,0x00000000eab00000,0x00000000fb900000)
  from space 32768K, 60% used [0x00000000fd900000,0x00000000fec83ce8,0x00000000ff900000)
  to   space 32768K, 0% used [0x00000000fb900000,0x00000000fb900000,0x00000000fd900000)
 ParOldGen       total 196096K, used 69859K [0x00000000c0000000, 0x00000000cbf80000, 0x00000000eab00000)
  object space 196096K, 35% used [0x00000000c0000000,0x00000000c4438e70,0x00000000cbf80000)
 Metaspace       used 78796K, capacity 84162K, committed 84376K, reserved 1122304K
  class space    used 10919K, capacity 11896K, committed 11944K, reserved 1048576K
}
Event: 260.307 GC heap before
{Heap before GC invocations=16 (full 3):
 PSYoungGen      total 309248K, used 296463K [0x00000000eab00000, 0x00000000ffb00000, 0x0000000100000000)
  eden space 276480K, 100% used [0x00000000eab00000,0x00000000fb900000,0x00000000fb900000)
  from space 32768K, 60% used [0x00000000fd900000,0x00000000fec83ce8,0x00000000ff900000)
  to   space 32768K, 0% used [0x00000000fb900000,0x00000000fb900000,0x00000000fd900000)
 ParOldGen       total 196096K, used 69859K [0x00000000c0000000, 0x00000000cbf80000, 0x00000000eab00000)
  object space 196096K, 35% used [0x00000000c0000000,0x00000000c4438e70,0x00000000cbf80000)
 Metaspace       used 88107K, capacity 93996K, committed 94232K, reserved 1130496K
  class space    used 11979K, capacity 13045K, committed 13096K, reserved 1048576K
Event: 260.346 GC heap after
Heap after GC invocations=16 (full 3):
 PSYoungGen      total 309248K, used 29788K [0x00000000eab00000, 0x0000000100000000, 0x0000000100000000)
  eden space 276480K, 0% used [0x00000000eab00000,0x00000000eab00000,0x00000000fb900000)
  from space 32768K, 90% used [0x00000000fb900000,0x00000000fd617118,0x00000000fd900000)
  to   space 36352K, 0% used [0x00000000fdc80000,0x00000000fdc80000,0x0000000100000000)
 ParOldGen       total 196096K, used 69867K [0x00000000c0000000, 0x00000000cbf80000, 0x00000000eab00000)
  object space 196096K, 35% used [0x00000000c0000000,0x00000000c443ae70,0x00000000cbf80000)
 Metaspace       used 88107K, capacity 93996K, committed 94232K, reserved 1130496K
  class space    used 11979K, capacity 13045K, committed 13096K, reserved 1048576K
}

