# JRE version: OpenJDK Runtime Environment (8.0_242-b01) (build 1.8.0_242-release-1644-b01)
# Java VM: OpenJDK 64-Bit Server VM (25.242-b01 mixed mode windows-amd64 compressed oops)
Heap:
 PSYoungGen      total 303616K, used 163827K [0x00000000eab00000, 0x00000000ff800000, 0x0000000100000000)
  eden space 275456K, 49% used [0x00000000eab00000,0x00000000f2f848b0,0x00000000fb800000)
  from space 28160K, 99% used [0x00000000fd880000,0x00000000ff3f84d8,0x00000000ff400000)
  to   space 32768K, 0% used [0x00000000fb800000,0x00000000fb800000,0x00000000fd800000)
 ParOldGen       total 206336K, used 59875K [0x00000000c0000000, 0x00000000cc980000, 0x00000000eab00000)
  object space 206336K, 29% used [0x00000000c0000000,0x00000000c3a78e40,0x00000000cc980000)
 Metaspace       used 91486K, capacity 96666K, committed 96936K, reserved 1132544K
  class space    used 12404K, capacity 13384K, committed 13480K, reserved 1048576K
GC Heap History (10 events):
Event: 12.853 GC heap before
{Heap before GC invocations=13 (full 3):
 PSYoungGen      total 218112K, used 8538K [0x00000000eab00000, 0x00000000fcc00000, 0x0000000100000000)
  eden space 198144K, 0% used [0x00000000eab00000,0x00000000eab00000,0x00000000f6c80000)
  from space 19968K, 42% used [0x00000000f7f80000,0x00000000f87d6810,0x00000000f9300000)
  to   space 19456K, 0% used [0x00000000f6c80000,0x00000000f6c80000,0x00000000f7f80000)
 ParOldGen       total 141824K, used 35878K [0x00000000c0000000, 0x00000000c8a80000, 0x00000000eab00000)
  object space 141824K, 25% used [0x00000000c0000000,0x00000000c2309a80,0x00000000c8a80000)
 Metaspace       used 56784K, capacity 59008K, committed 59160K, reserved 1099776K
  class space    used 7713K, capacity 8235K, committed 8360K, reserved 1048576K
Event: 13.361 GC heap after
Heap after GC invocations=13 (full 3):
 PSYoungGen      total 218112K, used 0K [0x00000000eab00000, 0x00000000fcc00000, 0x0000000100000000)
  eden space 198144K, 0% used [0x00000000eab00000,0x00000000eab00000,0x00000000f6c80000)
  from space 19968K, 0% used [0x00000000f7f80000,0x00000000f7f80000,0x00000000f9300000)
  to   space 19456K, 0% used [0x00000000f6c80000,0x00000000f6c80000,0x00000000f7f80000)
 ParOldGen       total 206336K, used 31295K [0x00000000c0000000, 0x00000000cc980000, 0x00000000eab00000)
  object space 206336K, 15% used [0x00000000c0000000,0x00000000c1e8ff00,0x00000000cc980000)
 Metaspace       used 56742K, capacity 58864K, committed 59160K, reserved 1099776K
  class space    used 7700K, capacity 8211K, committed 8360K, reserved 1048576K
}
Event: 16.548 GC heap before
{Heap before GC invocations=14 (full 3):
 PSYoungGen      total 218112K, used 198144K [0x00000000eab00000, 0x00000000fcc00000, 0x0000000100000000)
  eden space 198144K, 100% used [0x00000000eab00000,0x00000000f6c80000,0x00000000f6c80000)
  from space 19968K, 0% used [0x00000000f7f80000,0x00000000f7f80000,0x00000000f9300000)
  to   space 19456K, 0% used [0x00000000f6c80000,0x00000000f6c80000,0x00000000f7f80000)
 ParOldGen       total 206336K, used 31295K [0x00000000c0000000, 0x00000000cc980000, 0x00000000eab00000)
  object space 206336K, 15% used [0x00000000c0000000,0x00000000c1e8ff00,0x00000000cc980000)
 Metaspace       used 62958K, capacity 66112K, committed 66216K, reserved 1105920K
  class space    used 8647K, capacity 9303K, committed 9384K, reserved 1048576K
Event: 16.568 GC heap after
Heap after GC invocations=14 (full 3):
 PSYoungGen      total 217600K, used 17507K [0x00000000eab00000, 0x00000000fc380000, 0x0000000100000000)
  eden space 198144K, 0% used [0x00000000eab00000,0x00000000eab00000,0x00000000f6c80000)
  from space 19456K, 89% used [0x00000000f6c80000,0x00000000f7d98ff8,0x00000000f7f80000)
  to   space 21504K, 0% used [0x00000000fae80000,0x00000000fae80000,0x00000000fc380000)
 ParOldGen       total 206336K, used 31303K [0x00000000c0000000, 0x00000000cc980000, 0x00000000eab00000)
  object space 206336K, 15% used [0x00000000c0000000,0x00000000c1e91f00,0x00000000cc980000)
 Metaspace       used 62958K, capacity 66112K, committed 66216K, reserved 1105920K
  class space    used 8647K, capacity 9303K, committed 9384K, reserved 1048576K
}
Event: 18.886 GC heap before
{Heap before GC invocations=15 (full 3):
 PSYoungGen      total 217600K, used 215651K [0x00000000eab00000, 0x00000000fc380000, 0x0000000100000000)
  eden space 198144K, 100% used [0x00000000eab00000,0x00000000f6c80000,0x00000000f6c80000)
  from space 19456K, 89% used [0x00000000f6c80000,0x00000000f7d98ff8,0x00000000f7f80000)
  to   space 21504K, 0% used [0x00000000fae80000,0x00000000fae80000,0x00000000fc380000)
 ParOldGen       total 206336K, used 31303K [0x00000000c0000000, 0x00000000cc980000, 0x00000000eab00000)
  object space 206336K, 15% used [0x00000000c0000000,0x00000000c1e91f00,0x00000000cc980000)
 Metaspace       used 68509K, capacity 71958K, committed 72104K, reserved 1112064K
  class space    used 9388K, capacity 10072K, committed 10152K, reserved 1048576K
Event: 18.914 GC heap after
Heap after GC invocations=15 (full 3):
 PSYoungGen      total 260608K, used 21485K [0x00000000eab00000, 0x00000000fc900000, 0x0000000100000000)
  eden space 239104K, 0% used [0x00000000eab00000,0x00000000eab00000,0x00000000f9480000)
  from space 21504K, 99% used [0x00000000fae80000,0x00000000fc37b500,0x00000000fc380000)
  to   space 26624K, 0% used [0x00000000f9480000,0x00000000f9480000,0x00000000fae80000)
 ParOldGen       total 206336K, used 37629K [0x00000000c0000000, 0x00000000cc980000, 0x00000000eab00000)
  object space 206336K, 18% used [0x00000000c0000000,0x00000000c24bf618,0x00000000cc980000)
 Metaspace       used 68509K, capacity 71958K, committed 72104K, reserved 1112064K
  class space    used 9388K, capacity 10072K, committed 10152K, reserved 1048576K
}
Event: 73.200 GC heap before
{Heap before GC invocations=16 (full 3):
 PSYoungGen      total 260608K, used 260589K [0x00000000eab00000, 0x00000000fc900000, 0x0000000100000000)
  eden space 239104K, 100% used [0x00000000eab00000,0x00000000f9480000,0x00000000f9480000)
  from space 21504K, 99% used [0x00000000fae80000,0x00000000fc37b500,0x00000000fc380000)
  to   space 26624K, 0% used [0x00000000f9480000,0x00000000f9480000,0x00000000fae80000)
 ParOldGen       total 206336K, used 37629K [0x00000000c0000000, 0x00000000cc980000, 0x00000000eab00000)
  object space 206336K, 18% used [0x00000000c0000000,0x00000000c24bf618,0x00000000cc980000)
 Metaspace       used 81564K, capacity 86092K, committed 86312K, reserved 1124352K
  class space    used 11114K, capacity 11969K, committed 12072K, reserved 1048576K
Event: 73.254 GC heap after
Heap after GC invocations=16 (full 3):
 PSYoungGen      total 265728K, used 21514K [0x00000000eab00000, 0x00000000ff400000, 0x0000000100000000)
  eden space 239104K, 0% used [0x00000000eab00000,0x00000000eab00000,0x00000000f9480000)
  from space 26624K, 80% used [0x00000000f9480000,0x00000000fa9829b0,0x00000000fae80000)
  to   space 28160K, 0% used [0x00000000fd880000,0x00000000fd880000,0x00000000ff400000)
 ParOldGen       total 206336K, used 57596K [0x00000000c0000000, 0x00000000cc980000, 0x00000000eab00000)
  object space 206336K, 27% used [0x00000000c0000000,0x00000000c383f2d0,0x00000000cc980000)
 Metaspace       used 81564K, capacity 86092K, committed 86312K, reserved 1124352K
  class space    used 11114K, capacity 11969K, committed 12072K, reserved 1048576K
}
Event: 81.039 GC heap before
{Heap before GC invocations=17 (full 3):
 PSYoungGen      total 265728K, used 260551K [0x00000000eab00000, 0x00000000ff400000, 0x0000000100000000)
  eden space 239104K, 99% used [0x00000000eab00000,0x00000000f946f310,0x00000000f9480000)
  from space 26624K, 80% used [0x00000000f9480000,0x00000000fa9829b0,0x00000000fae80000)
  to   space 28160K, 0% used [0x00000000fd880000,0x00000000fd880000,0x00000000ff400000)
 ParOldGen       total 206336K, used 57596K [0x00000000c0000000, 0x00000000cc980000, 0x00000000eab00000)
  object space 206336K, 27% used [0x00000000c0000000,0x00000000c383f2d0,0x00000000cc980000)
 Metaspace       used 91013K, capacity 95960K, committed 96040K, reserved 1132544K
  class space    used 12379K, capacity 13343K, committed 13352K, reserved 1048576K
Event: 81.089 GC heap after
Heap after GC invocations=17 (full 3):
 PSYoungGen      total 303616K, used 28129K [0x00000000eab00000, 0x00000000ff800000, 0x0000000100000000)
  eden space 275456K, 0% used [0x00000000eab00000,0x00000000eab00000,0x00000000fb800000)
  from space 28160K, 99% used [0x00000000fd880000,0x00000000ff3f84d8,0x00000000ff400000)
  to   space 32768K, 0% used [0x00000000fb800000,0x00000000fb800000,0x00000000fd800000)
 ParOldGen       total 206336K, used 59875K [0x00000000c0000000, 0x00000000cc980000, 0x00000000eab00000)
  object space 206336K, 29% used [0x00000000c0000000,0x00000000c3a78e40,0x00000000cc980000)
 Metaspace       used 91013K, capacity 95960K, committed 96040K, reserved 1132544K
  class space    used 12379K, capacity 13343K, committed 13352K, reserved 1048576K
}

