# JRE version: OpenJDK Runtime Environment (8.0_242-b01) (build 1.8.0_242-release-1644-b01)
# Java VM: OpenJDK 64-Bit Server VM (25.242-b01 mixed mode windows-amd64 compressed oops)
Heap:
 PSYoungGen      total 193536K, used 42088K [0x00000000eab00000, 0x00000000f9980000, 0x0000000100000000)
  eden space 142848K, 11% used [0x00000000eab00000,0x00000000ebb0a368,0x00000000f3680000)
  from space 50688K, 50% used [0x00000000f6800000,0x00000000f810ffa8,0x00000000f9980000)
  to   space 46080K, 0% used [0x00000000f3980000,0x00000000f3980000,0x00000000f6680000)
 ParOldGen       total 190976K, used 64763K [0x00000000c0000000, 0x00000000cba80000, 0x00000000eab00000)
  object space 190976K, 33% used [0x00000000c0000000,0x00000000c3f3eff0,0x00000000cba80000)
 Metaspace       used 103569K, capacity 108482K, committed 109592K, reserved 1144832K
  class space    used 13749K, capacity 14713K, committed 14888K, reserved 1048576K
GC Heap History (10 events):
Event: 2482.757 GC heap before
{Heap before GC invocations=22 (full 3):
 PSYoungGen      total 161792K, used 159637K [0x00000000eab00000, 0x00000000f6f80000, 0x0000000100000000)
  eden space 130560K, 100% used [0x00000000eab00000,0x00000000f2a80000,0x00000000f2a80000)
  from space 31232K, 93% used [0x00000000f4c80000,0x00000000f68e56c8,0x00000000f6b00000)
  to   space 34816K, 0% used [0x00000000f2a80000,0x00000000f2a80000,0x00000000f4c80000)
 ParOldGen       total 190976K, used 51200K [0x00000000c0000000, 0x00000000cba80000, 0x00000000eab00000)
  object space 190976K, 26% used [0x00000000c0000000,0x00000000c3200278,0x00000000cba80000)
 Metaspace       used 87310K, capacity 91958K, committed 92184K, reserved 1128448K
  class space    used 11609K, capacity 12507K, committed 12584K, reserved 1048576K
Event: 2482.797 GC heap after
Heap after GC invocations=22 (full 3):
 PSYoungGen      total 165376K, used 34807K [0x00000000eab00000, 0x00000000f9000000, 0x0000000100000000)
  eden space 130560K, 0% used [0x00000000eab00000,0x00000000eab00000,0x00000000f2a80000)
  from space 34816K, 99% used [0x00000000f2a80000,0x00000000f4c7de80,0x00000000f4c80000)
  to   space 42496K, 0% used [0x00000000f6680000,0x00000000f6680000,0x00000000f9000000)
 ParOldGen       total 190976K, used 57815K [0x00000000c0000000, 0x00000000cba80000, 0x00000000eab00000)
  object space 190976K, 30% used [0x00000000c0000000,0x00000000c3875f28,0x00000000cba80000)
 Metaspace       used 87310K, capacity 91958K, committed 92184K, reserved 1128448K
  class space    used 11609K, capacity 12507K, committed 12584K, reserved 1048576K
}
Event: 2492.630 GC heap before
{Heap before GC invocations=23 (full 3):
 PSYoungGen      total 165376K, used 165367K [0x00000000eab00000, 0x00000000f9000000, 0x0000000100000000)
  eden space 130560K, 100% used [0x00000000eab00000,0x00000000f2a80000,0x00000000f2a80000)
  from space 34816K, 99% used [0x00000000f2a80000,0x00000000f4c7de80,0x00000000f4c80000)
  to   space 42496K, 0% used [0x00000000f6680000,0x00000000f6680000,0x00000000f9000000)
 ParOldGen       total 190976K, used 57815K [0x00000000c0000000, 0x00000000cba80000, 0x00000000eab00000)
  object space 190976K, 30% used [0x00000000c0000000,0x00000000c3875f28,0x00000000cba80000)
 Metaspace       used 89115K, capacity 93928K, committed 94232K, reserved 1130496K
  class space    used 11843K, capacity 12778K, committed 12840K, reserved 1048576K
Event: 2492.670 GC heap after
Heap after GC invocations=23 (full 3):
 PSYoungGen      total 188416K, used 35215K [0x00000000eab00000, 0x00000000f9500000, 0x0000000100000000)
  eden space 145920K, 0% used [0x00000000eab00000,0x00000000eab00000,0x00000000f3980000)
  from space 42496K, 82% used [0x00000000f6680000,0x00000000f88e3d80,0x00000000f9000000)
  to   space 46080K, 0% used [0x00000000f3980000,0x00000000f3980000,0x00000000f6680000)
 ParOldGen       total 190976K, used 66063K [0x00000000c0000000, 0x00000000cba80000, 0x00000000eab00000)
  object space 190976K, 34% used [0x00000000c0000000,0x00000000c4083d80,0x00000000cba80000)
 Metaspace       used 89115K, capacity 93928K, committed 94232K, reserved 1130496K
  class space    used 11843K, capacity 12778K, committed 12840K, reserved 1048576K
}
Event: 2523.683 GC heap before
{Heap before GC invocations=24 (full 3):
 PSYoungGen      total 188416K, used 177542K [0x00000000eab00000, 0x00000000f9500000, 0x0000000100000000)
  eden space 145920K, 97% used [0x00000000eab00000,0x00000000f35fdc20,0x00000000f3980000)
  from space 42496K, 82% used [0x00000000f6680000,0x00000000f88e3d80,0x00000000f9000000)
  to   space 46080K, 0% used [0x00000000f3980000,0x00000000f3980000,0x00000000f6680000)
 ParOldGen       total 190976K, used 66063K [0x00000000c0000000, 0x00000000cba80000, 0x00000000eab00000)
  object space 190976K, 34% used [0x00000000c0000000,0x00000000c4083d80,0x00000000cba80000)
 Metaspace       used 93415K, capacity 98508K, committed 98600K, reserved 1134592K
  class space    used 12430K, capacity 13444K, committed 13480K, reserved 1048576K
Event: 2523.715 GC heap after
Heap after GC invocations=24 (full 3):
 PSYoungGen      total 188928K, used 39026K [0x00000000eab00000, 0x00000000f9980000, 0x0000000100000000)
  eden space 142848K, 0% used [0x00000000eab00000,0x00000000eab00000,0x00000000f3680000)
  from space 46080K, 84% used [0x00000000f3980000,0x00000000f5f9c990,0x00000000f6680000)
  to   space 50688K, 0% used [0x00000000f6800000,0x00000000f6800000,0x00000000f9980000)
 ParOldGen       total 190976K, used 66071K [0x00000000c0000000, 0x00000000cba80000, 0x00000000eab00000)
  object space 190976K, 34% used [0x00000000c0000000,0x00000000c4085d80,0x00000000cba80000)
 Metaspace       used 93415K, capacity 98508K, committed 98600K, reserved 1134592K
  class space    used 12430K, capacity 13444K, committed 13480K, reserved 1048576K
}
Event: 2523.715 GC heap before
{Heap before GC invocations=25 (full 4):
 PSYoungGen      total 188928K, used 39026K [0x00000000eab00000, 0x00000000f9980000, 0x0000000100000000)
  eden space 142848K, 0% used [0x00000000eab00000,0x00000000eab00000,0x00000000f3680000)
  from space 46080K, 84% used [0x00000000f3980000,0x00000000f5f9c990,0x00000000f6680000)
  to   space 50688K, 0% used [0x00000000f6800000,0x00000000f6800000,0x00000000f9980000)
 ParOldGen       total 190976K, used 66071K [0x00000000c0000000, 0x00000000cba80000, 0x00000000eab00000)
  object space 190976K, 34% used [0x00000000c0000000,0x00000000c4085d80,0x00000000cba80000)
 Metaspace       used 93415K, capacity 98508K, committed 98600K, reserved 1134592K
  class space    used 12430K, capacity 13444K, committed 13480K, reserved 1048576K
Event: 2524.174 GC heap after
Heap after GC invocations=25 (full 4):
 PSYoungGen      total 188928K, used 0K [0x00000000eab00000, 0x00000000f9980000, 0x0000000100000000)
  eden space 142848K, 0% used [0x00000000eab00000,0x00000000eab00000,0x00000000f3680000)
  from space 46080K, 0% used [0x00000000f3980000,0x00000000f3980000,0x00000000f6680000)
  to   space 50688K, 0% used [0x00000000f6800000,0x00000000f6800000,0x00000000f9980000)
 ParOldGen       total 190976K, used 64755K [0x00000000c0000000, 0x00000000cba80000, 0x00000000eab00000)
  object space 190976K, 33% used [0x00000000c0000000,0x00000000c3f3cff0,0x00000000cba80000)
 Metaspace       used 91925K, capacity 95404K, committed 98600K, reserved 1134592K
  class space    used 12099K, capacity 12846K, committed 13480K, reserved 1048576K
}
Event: 2527.151 GC heap before
{Heap before GC invocations=26 (full 4):
 PSYoungGen      total 188928K, used 142848K [0x00000000eab00000, 0x00000000f9980000, 0x0000000100000000)
  eden space 142848K, 100% used [0x00000000eab00000,0x00000000f3680000,0x00000000f3680000)
  from space 46080K, 0% used [0x00000000f3980000,0x00000000f3980000,0x00000000f6680000)
  to   space 50688K, 0% used [0x00000000f6800000,0x00000000f6800000,0x00000000f9980000)
 ParOldGen       total 190976K, used 64755K [0x00000000c0000000, 0x00000000cba80000, 0x00000000eab00000)
  object space 190976K, 33% used [0x00000000c0000000,0x00000000c3f3cff0,0x00000000cba80000)
 Metaspace       used 103078K, capacity 107978K, committed 108952K, reserved 1142784K
  class space    used 13702K, capacity 14677K, committed 14760K, reserved 1048576K
Event: 2527.194 GC heap after
Heap after GC invocations=26 (full 4):
 PSYoungGen      total 193536K, used 25663K [0x00000000eab00000, 0x00000000f9980000, 0x0000000100000000)
  eden space 142848K, 0% used [0x00000000eab00000,0x00000000eab00000,0x00000000f3680000)
  from space 50688K, 50% used [0x00000000f6800000,0x00000000f810ffa8,0x00000000f9980000)
  to   space 46080K, 0% used [0x00000000f3980000,0x00000000f3980000,0x00000000f6680000)
 ParOldGen       total 190976K, used 64763K [0x00000000c0000000, 0x00000000cba80000, 0x00000000eab00000)
  object space 190976K, 33% used [0x00000000c0000000,0x00000000c3f3eff0,0x00000000cba80000)
 Metaspace       used 103078K, capacity 107978K, committed 108952K, reserved 1142784K
  class space    used 13702K, capacity 14677K, committed 14760K, reserved 1048576K
}

